ForceRecorder/Temp/gradleOut/unityLibrary/Firebase/build/outputs/logs/manifest-merger-release-report.txt
-- Merging decision tree log ---
manifest
ADDED from unityLibrary/Firebase/AndroidManifest.xml:2:1-7:12
INJECTED from unityLibrary/Firebase/AndroidManifest.xml:2:1-7:12
INJECTED from unityLibrary/Firebase/AndroidManifest.xml:2:1-7:12
INJECTED from unityLibrary/Firebase/AndroidManifest.xml:2:1-7:12
INJECTED from unityLibrary/Firebase/AndroidManifest.xml:2:1-7:12
INJECTED from unityLibrary/Firebase/AndroidManifest.xml:2:1-7:12
INJECTED from unityLibrary/Firebase/AndroidManifest.xml:2:1-7:12
	package
		ADDED from unityLibrary/Firebase/AndroidManifest.xml:3:11-46
		INJECTED from unityLibrary/Firebase/AndroidManifest.xml
		INJECTED from unityLibrary/Firebase/AndroidManifest.xml
	android:versionName
		ADDED from unityLibrary/Firebase/AndroidManifest.xml:5:11-36
		INJECTED from unityLibrary/Firebase/AndroidManifest.xml
		INJECTED from unityLibrary/Firebase/AndroidManifest.xml
	xmlns:android
		ADDED from unityLibrary/Firebase/AndroidManifest.xml:2:11-69
	android:versionCode
		ADDED from unityLibrary/Firebase/AndroidManifest.xml:4:11-34
		INJECTED from unityLibrary/Firebase/AndroidManifest.xml
		INJECTED from unityLibrary/Firebase/AndroidManifest.xml
uses-sdk
ADDED from unityLibrary/Firebase/AndroidManifest.xml:6:3-41
INJECTED from unityLibrary/Firebase/AndroidManifest.xml:6:3-41
INJECTED from unityLibrary/Firebase/AndroidManifest.xml:6:3-41
	android:targetSdkVersion
		INJECTED from unityLibrary/Firebase/AndroidManifest.xml
		ADDED from unityLibrary/Firebase/AndroidManifest.xml:6:3-41
		INJECTED from unityLibrary/Firebase/AndroidManifest.xml
	android:minSdkVersion
		ADDED from unityLibrary/Firebase/AndroidManifest.xml:6:13-39